<?xml version="1.0" encoding="UTF-8"?>
<!-- Generated by org.testng.reporters.JUnitReportReporter -->
<testsuite skipped="0" hostname="IQAs-Mac-mini.local" name="com.tripmasters.framework.testScript.BookingPageTestScript" tests="1" failures="0" timestamp="21 Feb 2020 08:13:10 GMT" time="185.893" errors="0">
  <testcase name="bookingFlightsWithMultipleCities_TC_6_iOS" time="185.893" classname="com.tripmasters.framework.testScript.BookingPageTestScript"/>
</testsuite> <!-- com.tripmasters.framework.testScript.BookingPageTestScript -->
