<?xml version="1.0" encoding="UTF-8"?>
<!-- Generated by org.testng.reporters.JUnitReportReporter -->
<testsuite skipped="0" hostname="IQA_Vaishali" name="com.tripmasters.framework.testScript.BookingPageTestScript" tests="1" failures="0" timestamp="04 Feb 2020 05:18:50 GMT" time="6.969" errors="0">
  <testcase name="verifySpotlightLink_TC_14" time="6.969" classname="com.tripmasters.framework.testScript.BookingPageTestScript"/>
</testsuite> <!-- com.tripmasters.framework.testScript.BookingPageTestScript -->
