<?xml version="1.0" encoding="UTF-8"?>
<!-- Generated by org.testng.reporters.JUnitReportReporter -->
<testsuite skipped="0" hostname="IQA_Vaishali" name="com.tripmasters.framework.testScript.BookingPageTestScript" tests="1" failures="0" timestamp="03 Feb 2020 12:27:21 GMT" time="55.985" errors="0">
  <testcase name="dateChanging_TC_18" time="55.985" classname="com.tripmasters.framework.testScript.BookingPageTestScript"/>
</testsuite> <!-- com.tripmasters.framework.testScript.BookingPageTestScript -->
