<?xml version="1.0" encoding="UTF-8"?>
<!-- Generated by org.testng.reporters.JUnitReportReporter -->
<testsuite skipped="0" hostname="IQAs-Mac-mini.local" name="com.tripmasters.framework.testScript.BookingPageTestScript" tests="13" failures="0" timestamp="11 May 2020 06:00:08 GMT" time="2543.365" errors="0">
  <testcase name="bookingSingleRoomWithThreeAdults_TC_1" time="207.191" classname="com.tripmasters.framework.testScript.BookingPageTestScript"/>
  <testcase name="bookingSingleRoomOneAdultOneChild_TC_2" time="193.079" classname="com.tripmasters.framework.testScript.BookingPageTestScript"/>
  <testcase name="bookingTwoRoomTwoAdult_TC_3" time="211.406" classname="com.tripmasters.framework.testScript.BookingPageTestScript"/>
  <testcase name="bookingTwoRoomThreeAdultOneChild_TC_4" time="327.632" classname="com.tripmasters.framework.testScript.BookingPageTestScript"/>
  <testcase name="bookingTwoRoomTwoAdultTwoChild_TC_5" time="256.669" classname="com.tripmasters.framework.testScript.BookingPageTestScript"/>
  <testcase name="bookingFlightsWithmultipleCities_TC_6" time="190.814" classname="com.tripmasters.framework.testScript.BookingPageTestScript"/>
  <testcase name="bookingFlightAndHotelForSingleCity_TC_7" time="176.986" classname="com.tripmasters.framework.testScript.BookingPageTestScript"/>
  <testcase name="bookingFlightAndHotelForMultipleCity_TC_8" time="266.814" classname="com.tripmasters.framework.testScript.BookingPageTestScript"/>
  <testcase name="multipleCities_TC_21" time="126.028" classname="com.tripmasters.framework.testScript.BookingPageTestScript"/>
  <testcase name="removeAddedCity_TC_17" time="243.465" classname="com.tripmasters.framework.testScript.BookingPageTestScript"/>
  <testcase name="bookingDetailswithPremiumEcomomy_TC_18" time="125.389" classname="com.tripmasters.framework.testScript.BookingPageTestScript"/>
  <testcase name="verifySpotlightLink_TC_14" time="44.511" classname="com.tripmasters.framework.testScript.BookingPageTestScript"/>
  <testcase name="dateChanging_TC_9" time="173.381" classname="com.tripmasters.framework.testScript.BookingPageTestScript"/>
</testsuite> <!-- com.tripmasters.framework.testScript.BookingPageTestScript -->
