<?xml version="1.0" encoding="UTF-8"?>
<!-- Generated by org.testng.reporters.JUnitReportReporter -->
<testsuite skipped="0" hostname="DESKTOP-SGOOT19" name="com.tripmasters.framework.testScript.BookingPageTestScript" tests="1" failures="0" timestamp="08 Jun 2020 07:17:32 GMT" time="140.003" errors="0">
  <testcase name="TC_0018_bookingDetailswithPremiumEcomomy" time="140.003" classname="com.tripmasters.framework.testScript.BookingPageTestScript"/>
</testsuite> <!-- com.tripmasters.framework.testScript.BookingPageTestScript -->
