<?xml version="1.0" encoding="UTF-8"?>
<!-- Generated by org.testng.reporters.JUnitReportReporter -->
<testsuite skipped="0" hostname="IQA_Satyam" name="com.tripmasters.framework.testScript.HomePageTestScript" tests="1" failures="0" timestamp="2020-02-03T18:12:06 IST" time="0.090" errors="0">
  <testcase name="footerText" time="0.090" classname="com.tripmasters.framework.testScript.HomePageTestScript"/>
</testsuite> <!-- com.tripmasters.framework.testScript.HomePageTestScript -->
