<?xml version="1.0" encoding="UTF-8"?>
<!-- Generated by org.testng.reporters.JUnitReportReporter -->
<testsuite skipped="0" hostname="iqas-mac-mini.lan" name="com.tripmasters.framework.testScript.BookingPageTestScript" tests="1" failures="0" timestamp="20 Feb 2020 11:14:24 GMT" time="121.966" errors="0">
  <testcase name="bookingFlightAndHotelForSingleCity_TC_7_iOS" time="121.966" classname="com.tripmasters.framework.testScript.BookingPageTestScript"/>
</testsuite> <!-- com.tripmasters.framework.testScript.BookingPageTestScript -->
