<?xml version="1.0" encoding="UTF-8"?>
<!-- Generated by org.testng.reporters.JUnitReportReporter -->
<testsuite skipped="0" hostname="DESKTOP-SGOOT19" name="com.tripmasters.framework.testScript.BookingPageTestScript" tests="1" failures="0" timestamp="10 Jun 2020 12:48:00 GMT" time="459.914" errors="0">
  <testcase name="TC_0006_bookingFlightsWithmultipleCitieswithHighLightsValidation" time="459.914" classname="com.tripmasters.framework.testScript.BookingPageTestScript"/>
</testsuite> <!-- com.tripmasters.framework.testScript.BookingPageTestScript -->
