<?xml version="1.0" encoding="UTF-8"?>
<!-- Generated by org.testng.reporters.JUnitReportReporter -->
<<<<<<< HEAD
<<<<<<< HEAD
<testsuite hostname="LAPTOP-2MH85CIV" name="com.tripmasters.framework.testScript.HomePageTestScript" tests="1" failures="0" timestamp="5 Mar 2020 13:19:46 GMT" time="20.348" errors="0">
  <testcase name="verifyFooterText_TC_16" time="20.348" classname="com.tripmasters.framework.testScript.HomePageTestScript"/>
=======
<testsuite skipped="0" hostname="IQAs-Mac-mini.local" name="com.tripmasters.framework.testScript.HomePageTestScript" tests="6" failures="0" timestamp="06 Mar 2020 12:27:59 GMT" time="212.097" errors="0">
  <testcase name="verifyMoreHighlightAndAttractionLinks_Mob_TC_11" time="31.045" classname="com.tripmasters.framework.testScript.HomePageTestScript"/>
  <testcase name="verifyOtherVacationPackages_TC_12" time="41.366" classname="com.tripmasters.framework.testScript.HomePageTestScript"/>
  <testcase name="verifyPopularVacationPackages_TC_13" time="16.344" classname="com.tripmasters.framework.testScript.HomePageTestScript"/>
  <testcase name="verifyCity_TC_10" time="32.925" classname="com.tripmasters.framework.testScript.HomePageTestScript"/>
  <testcase name="verifyStartAgainLink_TC_15" time="71.139" classname="com.tripmasters.framework.testScript.HomePageTestScript"/>
  <testcase name="verifyFooterText_TC_16" time="19.278" classname="com.tripmasters.framework.testScript.HomePageTestScript"/>
>>>>>>> fc64b247ddecee4b766fd9cb38eff4dc6b6b9a69
=======
<testsuite hostname="IQA" name="com.tripmasters.framework.testScript.HomePageTestScript" tests="6" failures="0" timestamp="6 Mar 2020 12:33:11 GMT" time="253.128" errors="0">
  <testcase name="verifyOtherVacationPackages_TC_12" time="58.839" classname="com.tripmasters.framework.testScript.HomePageTestScript"/>
  <testcase name="verifyFooterText_TC_16" time="22.416" classname="com.tripmasters.framework.testScript.HomePageTestScript"/>
  <testcase name="verifyPopularVacationPackages_TC_13" time="32.004" classname="com.tripmasters.framework.testScript.HomePageTestScript"/>
  <testcase name="verifyMoreHighlightAndAttractionLinks_Mob_TC_11" time="43.397" classname="com.tripmasters.framework.testScript.HomePageTestScript"/>
  <testcase name="verifyStartAgainLink_TC_15" time="58.260" classname="com.tripmasters.framework.testScript.HomePageTestScript"/>
  <testcase name="verifyCity_TC_10" time="38.212" classname="com.tripmasters.framework.testScript.HomePageTestScript"/>
>>>>>>> 1ac9f1ecc2b65ac67232ebd26e0f94a4e54fbdef
</testsuite> <!-- com.tripmasters.framework.testScript.HomePageTestScript -->
