<?xml version="1.0" encoding="UTF-8"?>
<!-- Generated by org.testng.reporters.JUnitReportReporter -->
<testsuite skipped="0" hostname="Vaishali-VAIO" name="com.tripmasters.framework.testScript.HomePageTestScript" tests="6" failures="0" timestamp="21 Apr 2020 05:39:27 GMT" time="484.740" errors="0">
  <testcase name="verifyOtherVacationPackages_TC_12" time="112.310" classname="com.tripmasters.framework.testScript.HomePageTestScript"/>
  <testcase name="verifyPopularVacationPackages_TC_13" time="65.220" classname="com.tripmasters.framework.testScript.HomePageTestScript"/>
  <testcase name="verifyCity_TC_10" time="64.976" classname="com.tripmasters.framework.testScript.HomePageTestScript"/>
  <testcase name="verifyStartAgainLink_TC_15" time="104.116" classname="com.tripmasters.framework.testScript.HomePageTestScript"/>
  <testcase name="verifyFooterText_TC_16" time="81.244" classname="com.tripmasters.framework.testScript.HomePageTestScript"/>
  <testcase name="verifyMoreHighlightAndAttractionLinks_Mob_TC_11" time="56.874" classname="com.tripmasters.framework.testScript.HomePageTestScript"/>
</testsuite> <!-- com.tripmasters.framework.testScript.HomePageTestScript -->
