<?xml version="1.0" encoding="UTF-8"?>
<!-- Generated by org.testng.reporters.JUnitReportReporter -->
<testsuite hostname="LAPTOP-2MH85CIV" name="com.tripmasters.framework.testScript.HomePageTestScript" tests="2" failures="0" timestamp="12 Feb 2020 08:34:23 GMT" time="58.023" errors="0">
  <testcase name="verifyMoreHighlightAndAttractionLinks_TC_11" time="23.228" classname="com.tripmasters.framework.testScript.HomePageTestScript"/>
  <testcase name="verifyOtherVacationPackages_TC_12" time="34.795" classname="com.tripmasters.framework.testScript.HomePageTestScript"/>
</testsuite> <!-- com.tripmasters.framework.testScript.HomePageTestScript -->
