<?xml version="1.0" encoding="UTF-8"?>
<!-- Generated by org.testng.reporters.JUnitReportReporter -->
<testsuite hostname="LAPTOP-2MH85CIV" name="com.tripmasters.framework.testScript.BookingPageTestScript" tests="14" failures="0" timestamp="17 Feb 2020 13:40:48 GMT" time="1540.877" errors="0">
  <testcase name="verifySpotlightLink_TC_14" time="28.246" classname="com.tripmasters.framework.testScript.BookingPageTestScript"/>
  <testcase name="bookingTwoRoomThreeAdultOneChild_TC_4" time="141.170" classname="com.tripmasters.framework.testScript.BookingPageTestScript"/>
  <testcase name="bookingSingleRoomOneAdultOneChild_TC_2" time="117.912" classname="com.tripmasters.framework.testScript.BookingPageTestScript"/>
  <testcase name="dateChanging_TC_9" time="100.121" classname="com.tripmasters.framework.testScript.BookingPageTestScript"/>
  <testcase name="getWithoutAir_TC_20" time="82.656" classname="com.tripmasters.framework.testScript.BookingPageTestScript"/>
  <testcase name="bookingDetailswithPremiumEcomomy_TC_18" time="84.489" classname="com.tripmasters.framework.testScript.BookingPageTestScript"/>
  <testcase name="bookingFlightAndHotelForSingleCity_TC_7" time="110.471" classname="com.tripmasters.framework.testScript.BookingPageTestScript"/>
  <testcase name="bookingFlightAndHotelForMultipleCity_TC_8" time="139.598" classname="com.tripmasters.framework.testScript.BookingPageTestScript"/>
  <testcase name="withoutAirBookingForSingleCity_TC_19" time="66.604" classname="com.tripmasters.framework.testScript.BookingPageTestScript"/>
  <testcase name="bookingTwoRoomTwoAdult_TC_3" time="135.017" classname="com.tripmasters.framework.testScript.BookingPageTestScript"/>
  <testcase name="bookingTwoRoomTwoAdultTwoChild_TC_5" time="147.571" classname="com.tripmasters.framework.testScript.BookingPageTestScript"/>
  <testcase name="bookingFlightsWithmultipleCities_TC_6" time="134.920" classname="com.tripmasters.framework.testScript.BookingPageTestScript"/>
  <testcase name="bookingSingleRoomWithThreeAdults_TC_1" time="118.984" classname="com.tripmasters.framework.testScript.BookingPageTestScript"/>
  <testcase name="removeAddedCity_TC_17" time="133.118" classname="com.tripmasters.framework.testScript.BookingPageTestScript"/>
</testsuite> <!-- com.tripmasters.framework.testScript.BookingPageTestScript -->
