<?xml version="1.0" encoding="UTF-8"?>
<!-- Generated by org.testng.reporters.JUnitReportReporter -->
<testsuite hostname="IQA_Satyam" name="com.tripmasters.framework.testScript.HomePageTestScript" tests="3" failures="0" timestamp="5 Mar 2020 11:50:24 GMT" time="113.448" errors="0">
  <testcase name="verifyFooterText_TC_16" time="22.290" classname="com.tripmasters.framework.testScript.HomePageTestScript"/>
  <testcase name="verifyPopularVacationPackages_TC_13" time="31.872" classname="com.tripmasters.framework.testScript.HomePageTestScript"/>
  <testcase name="verifyOtherVacationPackages_TC_12" time="59.286" classname="com.tripmasters.framework.testScript.HomePageTestScript"/>
</testsuite> <!-- com.tripmasters.framework.testScript.HomePageTestScript -->
