<?xml version="1.0" encoding="UTF-8"?>
<!-- Generated by org.testng.reporters.JUnitReportReporter -->
<testsuite skipped="0" hostname="IQA_Deepak-K" name="com.tripmasters.framework.testScript.BookingPageTest" tests="1" failures="0" timestamp="24 Jan 2020 10:26:37 GMT" time="116.243" errors="0">
  <testcase name="bookingInitialise" time="116.243" classname="com.tripmasters.framework.testScript.BookingPageTest"/>
</testsuite> <!-- com.tripmasters.framework.testScript.BookingPageTest -->
