<?xml version="1.0" encoding="UTF-8"?>
<!-- Generated by org.testng.reporters.JUnitReportReporter -->
<testsuite skipped="0" hostname="Satyam_iQA" name="com.tripmasters.framework.testScript.HomePageTestScript" tests="6" failures="0" timestamp="15 Jul 2020 02:42:42 GMT" time="290.875" errors="0">
  <testcase name="TC_0010_verifyCity" time="35.653" classname="com.tripmasters.framework.testScript.HomePageTestScript"/>
  <testcase name="TC_0011_verifyMoreHighlightAndAttractionLinks" time="32.253" classname="com.tripmasters.framework.testScript.HomePageTestScript"/>
  <testcase name="TC_0012_verifyOtherVacationPackages" time="42.760" classname="com.tripmasters.framework.testScript.HomePageTestScript"/>
  <testcase name="TC_0013_verifyPopularVacationPackages" time="30.687" classname="com.tripmasters.framework.testScript.HomePageTestScript"/>
  <testcase name="TC_0015_verifyStartAgainLink" time="127.788" classname="com.tripmasters.framework.testScript.HomePageTestScript"/>
  <testcase name="TC_0016_verifyFooterText" time="21.734" classname="com.tripmasters.framework.testScript.HomePageTestScript"/>
</testsuite> <!-- com.tripmasters.framework.testScript.HomePageTestScript -->
