<?xml version="1.0" encoding="UTF-8"?>
<!-- Generated by org.testng.reporters.JUnitReportReporter -->
<testsuite hostname="LAPTOP-2MH85CIV" name="com.tripmasters.framework.utils.ExtentReportDemo" tests="1" failures="0" timestamp="9 Feb 2020 03:13:49 GMT" time="0.019" errors="0">
  <testcase name="TestInfo" time="0.019" classname="com.tripmasters.framework.utils.ExtentReportDemo"/>
</testsuite> <!-- com.tripmasters.framework.utils.ExtentReportDemo -->
