<?xml version="1.0" encoding="UTF-8"?>
<!-- Generated by org.testng.reporters.JUnitReportReporter -->
<testsuite hostname="LAPTOP-2MH85CIV" name="com.tripmasters.framework.testScript.BookingPageTestScript" tests="1" failures="0" timestamp="12 Feb 2020 08:34:23 GMT" time="139.132" errors="0">
  <testcase name="bookingSingleRoomWithThreeAdults_TC_1" time="139.132" classname="com.tripmasters.framework.testScript.BookingPageTestScript"/>
</testsuite> <!-- com.tripmasters.framework.testScript.BookingPageTestScript -->
