<?xml version="1.0" encoding="UTF-8"?>
<!-- Generated by org.testng.reporters.JUnitReportReporter -->
<testsuite skipped="0" hostname="Satyam_iQA" name="com.tripmasters.framework.testScript.HomePageTestScript" tests="6" failures="0" timestamp="2020-07-19T16:57:05 IST" time="395.664" errors="0">
  <testcase name="TC_0010_verifySearchCity" time="143.785" classname="com.tripmasters.framework.testScript.HomePageTestScript"/>
  <system-out/>
  <testcase name="TC_0011_verifyMoreHighlightAndAttractionLinks" time="24.700" classname="com.tripmasters.framework.testScript.HomePageTestScript"/>
  <system-out/>
  <testcase name="TC_0012_verifyOtherVacationPackages" time="47.439" classname="com.tripmasters.framework.testScript.HomePageTestScript"/>
  <system-out/>
  <testcase name="TC_0013_verifyPopularVacationPackages" time="25.755" classname="com.tripmasters.framework.testScript.HomePageTestScript"/>
  <system-out/>
  <testcase name="TC_0015_verifyStartAgainLink" time="146.070" classname="com.tripmasters.framework.testScript.HomePageTestScript"/>
  <system-out/>
  <testcase name="TC_0016_verifyFooterText" time="7.915" classname="com.tripmasters.framework.testScript.HomePageTestScript"/>
  <system-out/>
</testsuite> <!-- com.tripmasters.framework.testScript.HomePageTestScript -->
