<?xml version="1.0" encoding="UTF-8"?>
<!-- Generated by org.testng.reporters.JUnitReportReporter -->
<testsuite hostname="IQA" name="com.tripmasters.framework.testScript.BookingPageTestScript" tests="1" failures="0" timestamp="11 Mar 2020 08:10:23 GMT" time="96.124" errors="0">
  <testcase name="multipleCities" time="96.124" classname="com.tripmasters.framework.testScript.BookingPageTestScript"/>
</testsuite> <!-- com.tripmasters.framework.testScript.BookingPageTestScript -->
