<?xml version="1.0" encoding="UTF-8"?>
<!-- Generated by org.testng.reporters.JUnitReportReporter -->
<testsuite skipped="0" hostname="Satyam_iQA" name="com.tripmasters.framework.testScript.BookingPageTestScript" tests="1" failures="0" timestamp="2020-07-21T11:33:39 IST" time="198.960" errors="0">
  <testcase name="TC_0001_bookingJourneyWithOutAirForTwoRoomsPAXDetails" time="198.960" classname="com.tripmasters.framework.testScript.BookingPageTestScript"/>
  <system-out/>
</testsuite> <!-- com.tripmasters.framework.testScript.BookingPageTestScript -->
