<?xml version="1.0" encoding="UTF-8"?>
<!-- Generated by org.testng.reporters.JUnitReportReporter -->
<testsuite skipped="0" hostname="IQAs-Mac-mini.local" name="com.tripmasters.framework.testScript.BookingPageTestScript" tests="13" failures="0" timestamp="18 May 2020 13:25:16 GMT" time="2962.498" errors="0">
  <testcase name="bookingSingleRoomWithThreeAdults_TC_1" time="216.679" classname="com.tripmasters.framework.testScript.BookingPageTestScript"/>
  <testcase name="bookingSingleRoomOneAdultOneChild_WithAdditionalChangesTC_2" time="236.223" classname="com.tripmasters.framework.testScript.BookingPageTestScript"/>
  <testcase name="bookingTwoRoomThreeAdultAndOneChildWithMultipleCities_AdditionalChanges_TC_3" time="424.991" classname="com.tripmasters.framework.testScript.BookingPageTestScript"/>
  <testcase name="flightBookingWithFirstPackage_TC_4_Additional_changes" time="276.790" classname="com.tripmasters.framework.testScript.BookingPageTestScript"/>
  <testcase name="bookingTwoRoomTwoAdultTwoChild_WithChanges_TC_5" time="353.671" classname="com.tripmasters.framework.testScript.BookingPageTestScript"/>
  <testcase name="bookingFlightsWithmultipleCities_TC_6" time="206.852" classname="com.tripmasters.framework.testScript.BookingPageTestScript"/>
  <testcase name="bookingFlightAndHotelForSingleCity_TC_7" time="184.818" classname="com.tripmasters.framework.testScript.BookingPageTestScript"/>
  <testcase name="europePageBookingForMultipleCities_TC_8" time="296.106" classname="com.tripmasters.framework.testScript.BookingPageTestScript"/>
  <testcase name="multipleCities_TC_21" time="119.852" classname="com.tripmasters.framework.testScript.BookingPageTestScript"/>
  <testcase name="removeAddedCity_WithAdditonalChanges_TC_17" time="281.778" classname="com.tripmasters.framework.testScript.BookingPageTestScript"/>
  <testcase name="bookingDetailswithPremiumEcomomy_TC_18" time="130.864" classname="com.tripmasters.framework.testScript.BookingPageTestScript"/>
  <testcase name="verifySpotlightLink_TC_14" time="63.766" classname="com.tripmasters.framework.testScript.BookingPageTestScript"/>
  <testcase name="dateChanging_TC_9" time="170.108" classname="com.tripmasters.framework.testScript.BookingPageTestScript"/>
</testsuite> <!-- com.tripmasters.framework.testScript.BookingPageTestScript -->
