<?xml version="1.0" encoding="UTF-8"?>
<!-- Generated by org.testng.reporters.JUnitReportReporter -->
<testsuite hostname="IQA_Shivam" name="com.tripmasters.framework.testScript.GroupTestCase" tests="4" failures="0" timestamp="7 Feb 2020 11:47:35 GMT" time="0.010" errors="0">
  <testcase name="ctest3" time="0.001" classname="com.tripmasters.framework.testScript.GroupTestCase"/>
  <testcase name="dtest4" time="0.001" classname="com.tripmasters.framework.testScript.GroupTestCase"/>
  <testcase name="etest5" time="0.001" classname="com.tripmasters.framework.testScript.GroupTestCase"/>
  <testcase name="btest2" time="0.007" classname="com.tripmasters.framework.testScript.GroupTestCase"/>
</testsuite> <!-- com.tripmasters.framework.testScript.GroupTestCase -->
