<?xml version="1.0" encoding="UTF-8"?>
<!-- Generated by org.testng.reporters.JUnitReportReporter -->
<testsuite skipped="0" hostname="Satzz" name="com.tripmasters.framework.testScript.HomePageTestScript" tests="6" failures="0" timestamp="11 Jun 2020 08:33:03 GMT" time="433.094" errors="0">
  <testcase name="TC_0010_verifyCity" time="40.403" classname="com.tripmasters.framework.testScript.HomePageTestScript"/>
  <testcase name="TC_0011_verifyMoreHighlightAndAttractionLinks" time="73.392" classname="com.tripmasters.framework.testScript.HomePageTestScript"/>
  <testcase name="TC_0012_verifyOtherVacationPackages" time="104.747" classname="com.tripmasters.framework.testScript.HomePageTestScript"/>
  <testcase name="TC_0013_verifyPopularVacationPackages" time="30.579" classname="com.tripmasters.framework.testScript.HomePageTestScript"/>
  <testcase name="TC_0015_verifyStartAgainLink" time="165.665" classname="com.tripmasters.framework.testScript.HomePageTestScript"/>
  <testcase name="TC_0016_verifyFooterText" time="18.308" classname="com.tripmasters.framework.testScript.HomePageTestScript"/>
</testsuite> <!-- com.tripmasters.framework.testScript.HomePageTestScript -->
