<?xml version="1.0" encoding="UTF-8"?>
<!-- Generated by org.testng.reporters.JUnitReportReporter -->
<testsuite skipped="0" hostname="Satyam_iQA" name="com.tripmasters.framework.testScript.BookingPageTestScript" tests="15" failures="0" timestamp="15 Jul 2020 02:42:42 GMT" time="6563.327" errors="0">
  <testcase name="TC_0001_bookingSingleRoomWithThreeAdults" time="492.367" classname="com.tripmasters.framework.testScript.BookingPageTestScript"/>
  <testcase name="TC_0002_bookingSingleRoomtwoAdultOneChild" time="530.272" classname="com.tripmasters.framework.testScript.BookingPageTestScript"/>
  <testcase name="TC_0003_bookingTwoRoomThreeAdultAndOneChildWithMultipleCities" time="824.213" classname="com.tripmasters.framework.testScript.BookingPageTestScript"/>
  <testcase name="TC_0004_bookingFlightAndSingleRoomWithTwoAdults_FromFirstPackages" time="470.475" classname="com.tripmasters.framework.testScript.BookingPageTestScript"/>
  <testcase name="TC_0005_FlightbookingjourneywithPaxmandatoryfieldvalidation" time="690.336" classname="com.tripmasters.framework.testScript.BookingPageTestScript"/>
  <testcase name="TC_0006_bookingFlightsWithmultipleCities" time="416.412" classname="com.tripmasters.framework.testScript.BookingPageTestScript"/>
  <testcase name="TC_0007_bookingFlightAndTwoRoomsWithAdultsAndChilds_FromTopDealPackages" time="502.272" classname="com.tripmasters.framework.testScript.BookingPageTestScript"/>
  <testcase name="TC_0008_bookingFlightMultipleCitiesAndTwoRoomsWithAdultsAndChilds_FromEuropePage" time="778.241" classname="com.tripmasters.framework.testScript.BookingPageTestScript"/>
  <testcase name="TC_0009_arrival_dateChanging_FromTopOptions" time="618.141" classname="com.tripmasters.framework.testScript.BookingPageTestScript"/>
  <testcase name="TC_0014_verifySpotlightLink" time="56.346" classname="com.tripmasters.framework.testScript.BookingPageTestScript"/>
  <testcase name="TC_0017_validateTripSummarywithMultipleCitiesforExploreAsiaPage" time="549.461" classname="com.tripmasters.framework.testScript.BookingPageTestScript"/>
  <testcase name="TC_0018_bookingDetailswithPremiumEcomomy" time="312.755" classname="com.tripmasters.framework.testScript.BookingPageTestScript"/>
  <testcase name="TC_0019_withoutAirBookingForSingleCity" time="12.790" classname="com.tripmasters.framework.testScript.BookingPageTestScript"/>
  <testcase name="TC_0020_withoutAirBookingForMultipleCity" time="13.347" classname="com.tripmasters.framework.testScript.BookingPageTestScript"/>
  <testcase name="TC_0021_tripSummarymultipleCities" time="295.899" classname="com.tripmasters.framework.testScript.BookingPageTestScript"/>
</testsuite> <!-- com.tripmasters.framework.testScript.BookingPageTestScript -->
