<?xml version="1.0" encoding="UTF-8"?>
<!-- Generated by org.testng.reporters.JUnitReportReporter -->
<testsuite skipped="0" hostname="Satyam_iQA" name="com.tripmasters.framework.testScript.BookingPageTestScript" tests="14" failures="0" timestamp="2020-10-09T14:03:51 IST" time="5098.040" errors="1">
  <testcase name="TC_0001_bookingJourneyWithOutAirForTwoRoomsPAXDetails" time="195.388" classname="com.tripmasters.framework.testScript.BookingPageTestScript"/>
  <system-out/>
  <testcase name="TC_0002_bookingJourneyWithFlightAndTrain" time="345.412" classname="com.tripmasters.framework.testScript.BookingPageTestScript"/>
  <system-out/>
  <testcase name="TC_3_bookingTwoRoomTwoAdult" time="759.316" classname="com.tripmasters.framework.testScript.BookingPageTestScript"/>
  <system-out/>
  <testcase name="TC_0004_FirstPackageoptionalongwithRemoveHotelFunc" time="345.917" classname="com.tripmasters.framework.testScript.BookingPageTestScript"/>
  <system-out/>
  <testcase name="TC_0005_FlightbookingjourneywithBuyYourOwnPackage" time="584.154" classname="com.tripmasters.framework.testScript.BookingPageTestScript"/>
  <system-out/>
  <testcase name="TC_0006_bookingFlightsWithmultipleCitieswithHighLightsValidation" time="440.252" classname="com.tripmasters.framework.testScript.BookingPageTestScript"/>
  <system-out/>
  <testcase name="TC_0008_bookingFlightAndHotelwithMultipleCitiesForEuropePage" time="635.495" classname="com.tripmasters.framework.testScript.BookingPageTestScript">
    <error type="org.openqa.selenium.NoSuchElementException" message="no such element: Unable to locate element: {&quot;method&quot;:&quot;xpath&quot;,&quot;selector&quot;:&quot;//a[@id=&#039;aContWithPriceValidation&#039;]&quot;}
  (Session info: chrome=85.0.4183.121)
For documentation on this error, please visit: https://www.seleniumhq.org/exceptions/no_such_element.html
Build info: version: &#039;3.141.59&#039;, revision: &#039;e82be7d358&#039;, time: &#039;2018-11-14T08:17:03&#039;
System info: host: &#039;Satyam_iQA&#039;, ip: &#039;fe80:0:0:0:1ce0:bbab:7bc5:6cab%en0&#039;, os.name: &#039;Mac OS X&#039;, os.arch: &#039;x86_64&#039;, os.version: &#039;10.15.6&#039;, java.version: &#039;1.8.0_232&#039;
Driver info: org.openqa.selenium.chrome.ChromeDriver
Capabilities {acceptInsecureCerts: true, browserName: chrome, browserVersion: 85.0.4183.121, chrome: {chromedriverVersion: 85.0.4183.87 (cd6713ebf92fa..., userDataDir: /var/folders/7s/08h7qwz539j...}, goog:chromeOptions: {debuggerAddress: localhost:52623}, javascriptEnabled: true, networkConnectionEnabled: false, pageLoadStrategy: normal, platform: MAC, platformName: MAC, proxy: Proxy(), setWindowRect: true, strictFileInteractability: false, timeouts: {implicit: 0, pageLoad: 300000, script: 30000}, unhandledPromptBehavior: dismiss and notify, webauthn:virtualAuthenticators: true}
Session ID: ccaa5bcd00ad45eedfcb015b6dffe852
*** Element info: {Using=xpath, value=//a[@id=&#039;aContWithPriceValidation&#039;]}">
      <![CDATA[org.openqa.selenium.NoSuchElementException: no such element: Unable to locate element: {"method":"xpath","selector":"//a[@id='aContWithPriceValidation']"}
  (Session info: chrome=85.0.4183.121)
For documentation on this error, please visit: https://www.seleniumhq.org/exceptions/no_such_element.html
Build info: version: '3.141.59', revision: 'e82be7d358', time: '2018-11-14T08:17:03'
System info: host: 'Satyam_iQA', ip: 'fe80:0:0:0:1ce0:bbab:7bc5:6cab%en0', os.name: 'Mac OS X', os.arch: 'x86_64', os.version: '10.15.6', java.version: '1.8.0_232'
Driver info: org.openqa.selenium.chrome.ChromeDriver
Capabilities {acceptInsecureCerts: true, browserName: chrome, browserVersion: 85.0.4183.121, chrome: {chromedriverVersion: 85.0.4183.87 (cd6713ebf92fa..., userDataDir: /var/folders/7s/08h7qwz539j...}, goog:chromeOptions: {debuggerAddress: localhost:52623}, javascriptEnabled: true, networkConnectionEnabled: false, pageLoadStrategy: normal, platform: MAC, platformName: MAC, proxy: Proxy(), setWindowRect: true, strictFileInteractability: false, timeouts: {implicit: 0, pageLoad: 300000, script: 30000}, unhandledPromptBehavior: dismiss and notify, webauthn:virtualAuthenticators: true}
Session ID: ccaa5bcd00ad45eedfcb015b6dffe852
*** Element info: {Using=xpath, value=//a[@id='aContWithPriceValidation']}
at sun.reflect.NativeConstructorAccessorImpl.newInstance0(Native Method)
at sun.reflect.NativeConstructorAccessorImpl.newInstance(NativeConstructorAccessorImpl.java:62)
at sun.reflect.DelegatingConstructorAccessorImpl.newInstance(DelegatingConstructorAccessorImpl.java:45)
at java.lang.reflect.Constructor.newInstance(Constructor.java:423)
at org.openqa.selenium.remote.http.W3CHttpResponseCodec.createException(W3CHttpResponseCodec.java:187)
at org.openqa.selenium.remote.http.W3CHttpResponseCodec.decode(W3CHttpResponseCodec.java:122)
at org.openqa.selenium.remote.http.W3CHttpResponseCodec.decode(W3CHttpResponseCodec.java:49)
at org.openqa.selenium.remote.HttpCommandExecutor.execute(HttpCommandExecutor.java:158)
at org.openqa.selenium.remote.service.DriverCommandExecutor.execute(DriverCommandExecutor.java:83)
at org.openqa.selenium.remote.RemoteWebDriver.execute(RemoteWebDriver.java:548)
at org.openqa.selenium.remote.RemoteWebDriver.findElement(RemoteWebDriver.java:322)
at org.openqa.selenium.remote.RemoteWebDriver.findElementByXPath(RemoteWebDriver.java:424)
at org.openqa.selenium.By$ByXPath.findElement(By.java:353)
at org.openqa.selenium.remote.RemoteWebDriver.findElement(RemoteWebDriver.java:314)
at com.tripmasters.framework.pageActions.BookingPageAction.selectCheaperFlights(BookingPageAction.java:186)
at com.tripmasters.framework.testScript.BookingPageTestScript.TC_0008_bookingFlightAndHotelwithMultipleCitiesForEuropePage(BookingPageTestScript.java:509)
at sun.reflect.NativeMethodAccessorImpl.invoke0(Native Method)
at sun.reflect.NativeMethodAccessorImpl.invoke(NativeMethodAccessorImpl.java:62)
at sun.reflect.DelegatingMethodAccessorImpl.invoke(DelegatingMethodAccessorImpl.java:43)
at java.lang.reflect.Method.invoke(Method.java:498)
at org.testng.internal.MethodInvocationHelper.invokeMethod(MethodInvocationHelper.java:135)
at org.testng.internal.TestInvoker.invokeMethod(TestInvoker.java:598)
at org.testng.internal.TestInvoker.invokeTestMethod(TestInvoker.java:174)
at org.testng.internal.MethodRunner.runInSequence(MethodRunner.java:46)
at org.testng.internal.TestInvoker$MethodInvocationAgent.invoke(TestInvoker.java:821)
at org.testng.internal.TestInvoker.invokeTestMethods(TestInvoker.java:147)
at org.testng.internal.TestMethodWorker.invokeTestMethods(TestMethodWorker.java:146)
at org.testng.internal.TestMethodWorker.run(TestMethodWorker.java:128)
at java.util.concurrent.ThreadPoolExecutor.runWorker(ThreadPoolExecutor.java:1149)
at java.util.concurrent.ThreadPoolExecutor$Worker.run(ThreadPoolExecutor.java:624)
at java.lang.Thread.run(Thread.java:748)
]]>
    </error>
  </testcase> <!-- TC_0008_bookingFlightAndHotelwithMultipleCitiesForEuropePage -->
  <system-out/>
  <testcase name="TC_0009_dateChanging" time="408.736" classname="com.tripmasters.framework.testScript.BookingPageTestScript"/>
  <system-out/>
  <testcase name="TC_0014_verifySpotlightLink" time="29.499" classname="com.tripmasters.framework.testScript.BookingPageTestScript"/>
  <system-out/>
  <testcase name="TC_0017_validateTripSummarywithMultipleCitiesforAsianPacificPage" time="627.709" classname="com.tripmasters.framework.testScript.BookingPageTestScript"/>
  <system-out/>
  <testcase name="TC_0018_bookingDetailswithPremiumEcomomy" time="112.558" classname="com.tripmasters.framework.testScript.BookingPageTestScript"/>
  <system-out/>
  <testcase name="TC_0019_withoutAirBookingForSingleCity" time="131.491" classname="com.tripmasters.framework.testScript.BookingPageTestScript"/>
  <system-out/>
  <testcase name="TC_0020_withoutAirBookingForMultipleCity" time="217.030" classname="com.tripmasters.framework.testScript.BookingPageTestScript"/>
  <system-out/>
  <testcase name="TC_0021_FlightbookingJourneywithmultipleCities" time="265.083" classname="com.tripmasters.framework.testScript.BookingPageTestScript"/>
  <system-out/>
</testsuite> <!-- com.tripmasters.framework.testScript.BookingPageTestScript -->
