<?xml version="1.0" encoding="UTF-8"?>
<!-- Generated by org.testng.reporters.JUnitReportReporter -->
<testsuite hostname="IQA_Satyam" name="com.tripmasters.framework.testScript.BookingPageTestScript" tests="1" failures="0" timestamp="5 Mar 2020 13:14:29 GMT" time="264.181" errors="0">
  <testcase name="bookingTwoRoomThreeAdultOneChild_TC_4" time="264.181" classname="com.tripmasters.framework.testScript.BookingPageTestScript"/>
</testsuite> <!-- com.tripmasters.framework.testScript.BookingPageTestScript -->
