<?xml version="1.0" encoding="UTF-8"?>
<!-- Generated by org.testng.reporters.JUnitReportReporter -->
<testsuite skipped="0" hostname="IQA_Mrinal" name="com.tripmasters.framework.testScript.HomePageTestScript" tests="1" failures="0" timestamp="14 Feb 2020 13:24:32 GMT" time="31.631" errors="0">
  <testcase name="verifyOtherVacationPackages_TC_12" time="31.631" classname="com.tripmasters.framework.testScript.HomePageTestScript"/>
</testsuite> <!-- com.tripmasters.framework.testScript.HomePageTestScript -->
