<?xml version="1.0" encoding="UTF-8"?>
<!-- Generated by org.testng.reporters.JUnitReportReporter -->
<testsuite skipped="0" hostname="LAPTOP-CLGD6J6H" name="com.tripmasters.framework.testScript.HomePageTestScript" tests="5" failures="0" timestamp="17 Apr 2020 12:27:47 GMT" time="528.495" errors="0">
  <testcase name="verifyOtherVacationPackages_TC_12" time="151.823" classname="com.tripmasters.framework.testScript.HomePageTestScript"/>
  <testcase name="verifyCity_TC_10" time="94.815" classname="com.tripmasters.framework.testScript.HomePageTestScript"/>
  <testcase name="verifyStartAgainLink_TC_15" time="121.137" classname="com.tripmasters.framework.testScript.HomePageTestScript"/>
  <testcase name="verifyFooterText_TC_16" time="67.237" classname="com.tripmasters.framework.testScript.HomePageTestScript"/>
  <testcase name="verifyMoreHighlightAndAttractionLinks_Mob_TC_11" time="93.483" classname="com.tripmasters.framework.testScript.HomePageTestScript"/>
</testsuite> <!-- com.tripmasters.framework.testScript.HomePageTestScript -->
