<?xml version="1.0" encoding="UTF-8"?>
<!-- Generated by org.testng.reporters.JUnitReportReporter -->
<testsuite skipped="0" hostname="Satzz" name="com.tripmasters.framework.testScript.HomePageTestScript" tests="6" failures="0" timestamp="08 Jul 2020 06:30:19 GMT" time="315.367" errors="0">
  <testcase name="TC_0010_verifyCity" time="45.354" classname="com.tripmasters.framework.testScript.HomePageTestScript"/>
  <testcase name="TC_0011_verifyMoreHighlightAndAttractionLinks" time="45.575" classname="com.tripmasters.framework.testScript.HomePageTestScript"/>
  <testcase name="TC_0012_verifyOtherVacationPackages" time="59.170" classname="com.tripmasters.framework.testScript.HomePageTestScript"/>
  <testcase name="TC_0013_verifyPopularVacationPackages" time="36.023" classname="com.tripmasters.framework.testScript.HomePageTestScript"/>
  <testcase name="TC_0015_verifyStartAgainLink" time="106.509" classname="com.tripmasters.framework.testScript.HomePageTestScript"/>
  <testcase name="TC_0016_verifyFooterText" time="22.736" classname="com.tripmasters.framework.testScript.HomePageTestScript"/>
</testsuite> <!-- com.tripmasters.framework.testScript.HomePageTestScript -->
