<?xml version="1.0" encoding="UTF-8"?>
<!-- Generated by org.testng.reporters.JUnitReportReporter -->
<testsuite hostname="LAPTOP-2MH85CIV" name="com.tripmasters.framework.testScript.HomePageTestScript" tests="4" failures="0" timestamp="4 Feb 2020 13:01:30 GMT" time="98.933" errors="0">
  <testcase name="verifyFooterText_TC_16" time="19.229" classname="com.tripmasters.framework.testScript.HomePageTestScript"/>
  <testcase name="VerifyPopularVacationPackages_TC_13" time="21.885" classname="com.tripmasters.framework.testScript.HomePageTestScript"/>
  <testcase name="verifyMoreHighlightAndAttractionLinks_TC_11" time="22.649" classname="com.tripmasters.framework.testScript.HomePageTestScript"/>
  <testcase name="verifyOtherVacationPackages_TC_12" time="35.170" classname="com.tripmasters.framework.testScript.HomePageTestScript"/>
</testsuite> <!-- com.tripmasters.framework.testScript.HomePageTestScript -->
