<?xml version="1.0" encoding="UTF-8"?>
<!-- Generated by org.testng.reporters.JUnitReportReporter -->
<testsuite hostname="IQA_Shivam" name="com.tripmasters.framework.testScript.BookingPageTest" tests="1" failures="0" timestamp="27 Jan 2020 10:01:00 GMT" time="13.963" errors="0">
  <testcase name="bookingInitialise1" time="13.963" classname="com.tripmasters.framework.testScript.BookingPageTest"/>
</testsuite> <!-- com.tripmasters.framework.testScript.BookingPageTest -->
