<?xml version="1.0" encoding="UTF-8"?>
<!-- Generated by org.testng.reporters.JUnitReportReporter -->
<testsuite skipped="0" hostname="Vaishali-VAIO" name="com.tripmasters.framework.testScript.BookingPageTestScript" tests="1" failures="0" timestamp="21 Apr 2020 11:58:23 GMT" time="400.979" errors="0">
  <testcase name="bookingTwoRoomThreeAdultOneChild_TC_4" time="400.979" classname="com.tripmasters.framework.testScript.BookingPageTestScript"/>
</testsuite> <!-- com.tripmasters.framework.testScript.BookingPageTestScript -->
