<?xml version="1.0" encoding="UTF-8"?>
<!-- Generated by org.testng.reporters.JUnitReportReporter -->
<testsuite hostname="LAPTOP-2MH85CIV" name="com.tripmasters.framework.utils.GenerateReport2" tests="1" failures="0" timestamp="30 Jan 2020 06:55:45 GMT" time="0.001" errors="1">
  <testcase name="bookingSingleRoomWith3Adults" time="0.001" classname="com.tripmasters.framework.utils.GenerateReport2">
    <error type="org.testng.TestNGException" message="
Parameter &#039;OS&#039; is required by @Configuration on method startReport but has not been marked @Optional or defined
in E:\Cdata\workspace\TripMaster_FinalFramework\TripMasters\testng.xml">
      <![CDATA[org.testng.TestNGException: 
Parameter 'OS' is required by @Configuration on method startReport but has not been marked @Optional or defined
in E:\Cdata\workspace\TripMaster_FinalFramework\TripMasters\testng.xml
	at org.testng.internal.Parameters.createParameters(Parameters.java:154)
	at org.testng.internal.Parameters.createParameters(Parameters.java:361)
	at org.testng.internal.Parameters.createConfigurationParameters(Parameters.java:84)
	at org.testng.internal.Invoker.invokeConfigurations(Invoker.java:202)
	at org.testng.internal.Invoker.invokeMethod(Invoker.java:590)
	at org.testng.internal.Invoker.invokeTestMethod(Invoker.java:823)
	at org.testng.internal.Invoker.invokeTestMethods(Invoker.java:1131)
	at org.testng.internal.TestMethodWorker.invokeTestMethods(TestMethodWorker.java:129)
	at org.testng.internal.TestMethodWorker.run(TestMethodWorker.java:112)
	at java.util.concurrent.ThreadPoolExecutor.runWorker(Unknown Source)
	at java.util.concurrent.ThreadPoolExecutor$Worker.run(Unknown Source)
	at java.lang.Thread.run(Unknown Source)
]]>
    </error>
  </testcase> <!-- bookingSingleRoomWith3Adults -->
</testsuite> <!-- com.tripmasters.framework.utils.GenerateReport2 -->
