<?xml version="1.0" encoding="UTF-8"?>
<!-- Generated by org.testng.reporters.JUnitReportReporter -->
<testsuite skipped="0" hostname="IQAs-Mac-mini.local" name="com.tripmasters.framework.testScript.BookingPageTestScript" tests="13" failures="0" timestamp="05 Jun 2020 13:38:01 GMT" time="3351.730" errors="0">
  <testcase name="TC_0001_bookingSingleRoomWithThreeAdults" time="255.561" classname="com.tripmasters.framework.testScript.BookingPageTestScript"/>
  <testcase name="TC_0002_bookingSingleRoomtwoAdultOneChild" time="253.453" classname="com.tripmasters.framework.testScript.BookingPageTestScript"/>
  <testcase name="TC_0003_bookingTwoRoomThreeAdultAndOneChildWithMultipleCities" time="469.342" classname="com.tripmasters.framework.testScript.BookingPageTestScript"/>
  <testcase name="TC_0004_flightBookingWithFirstPackage" time="223.711" classname="com.tripmasters.framework.testScript.BookingPageTestScript"/>
  <testcase name="TC_0005_FlightbookingjourneywithPaxmandatoryfieldvalidation" time="348.143" classname="com.tripmasters.framework.testScript.BookingPageTestScript"/>
  <testcase name="TC_0006_bookingFlightsWithmultipleCities" time="228.177" classname="com.tripmasters.framework.testScript.BookingPageTestScript"/>
  <testcase name="TC_0007_bookingFlightAndHotelForSingleCity" time="282.393" classname="com.tripmasters.framework.testScript.BookingPageTestScript"/>
  <testcase name="TC_0008_europePageBookingForMultipleCities" time="337.092" classname="com.tripmasters.framework.testScript.BookingPageTestScript"/>
  <testcase name="TC_0009_arrival_dateChanging" time="275.753" classname="com.tripmasters.framework.testScript.BookingPageTestScript"/>
  <testcase name="TC_0014_verifySpotlightLink" time="46.451" classname="com.tripmasters.framework.testScript.BookingPageTestScript"/>
  <testcase name="TC_0017_validateTripSummarywithMultipleCitiesforExploreAsiaPage" time="348.695" classname="com.tripmasters.framework.testScript.BookingPageTestScript"/>
  <testcase name="TC_0018_bookingDetailswithPremiumEcomomy" time="131.301" classname="com.tripmasters.framework.testScript.BookingPageTestScript"/>
  <testcase name="TC_0021_tripSummarymultipleCities" time="151.658" classname="com.tripmasters.framework.testScript.BookingPageTestScript"/>
</testsuite> <!-- com.tripmasters.framework.testScript.BookingPageTestScript -->
