<?xml version="1.0" encoding="UTF-8"?>
<!-- Generated by org.testng.reporters.JUnitReportReporter -->
<testsuite skipped="0" hostname="IQAs-Mac-mini.local" name="com.tripmasters.framework.testScript.HomePageTestScript" tests="6" failures="0" timestamp="11 May 2020 06:00:08 GMT" time="223.663" errors="0">
  <testcase name="verifyMoreHighlightAndAttractionLinks_Mob_TC_11" time="41.506" classname="com.tripmasters.framework.testScript.HomePageTestScript"/>
  <testcase name="verifyOtherVacationPackages_TC_12" time="51.024" classname="com.tripmasters.framework.testScript.HomePageTestScript"/>
  <testcase name="verifyPopularVacationPackages_TC_13" time="23.817" classname="com.tripmasters.framework.testScript.HomePageTestScript"/>
  <testcase name="verifyCity_TC_10" time="39.020" classname="com.tripmasters.framework.testScript.HomePageTestScript"/>
  <testcase name="verifyStartAgainLink_TC_15" time="54.184" classname="com.tripmasters.framework.testScript.HomePageTestScript"/>
  <testcase name="verifyFooterText_TC_16" time="14.112" classname="com.tripmasters.framework.testScript.HomePageTestScript"/>
</testsuite> <!-- com.tripmasters.framework.testScript.HomePageTestScript -->
