<?xml version="1.0" encoding="UTF-8"?>
<!-- Generated by org.testng.reporters.JUnitReportReporter -->
<testsuite skipped="0" hostname="IQAs-Mac-mini.local" name="com.tripmasters.framework.testScript.BookingPageTestScript" tests="13" failures="0" timestamp="22 May 2020 14:04:12 GMT" time="3877.759" errors="0">
  <testcase name="TC_0001_bookingSingleRoomWithThreeAdults" time="270.908" classname="com.tripmasters.framework.testScript.BookingPageTestScript"/>
  <testcase name="TC_0002_bookingSingleRoomtwoAdultOneChild" time="271.812" classname="com.tripmasters.framework.testScript.BookingPageTestScript"/>
  <testcase name="TC_0003_bookingTwoRoomThreeAdultAndOneChildWithMultipleCities" time="482.065" classname="com.tripmasters.framework.testScript.BookingPageTestScript"/>
  <testcase name="TC_0004_flightBookingWithFirstPackage" time="326.414" classname="com.tripmasters.framework.testScript.BookingPageTestScript"/>
  <testcase name="TC_0005_bookingwithoutmultiplecityOneAdultOneChild" time="412.144" classname="com.tripmasters.framework.testScript.BookingPageTestScript"/>
  <testcase name="TC_0006_bookingFlightsWithmultipleCities" time="487.716" classname="com.tripmasters.framework.testScript.BookingPageTestScript"/>
  <testcase name="TC_0007_bookingFlightAndHotelForSingleCity" time="321.391" classname="com.tripmasters.framework.testScript.BookingPageTestScript"/>
  <testcase name="TC_0008_europePageBookingForMultipleCities" time="351.244" classname="com.tripmasters.framework.testScript.BookingPageTestScript"/>
  <testcase name="TC_0009_arrival_dateChanging" time="213.201" classname="com.tripmasters.framework.testScript.BookingPageTestScript"/>
  <testcase name="TC_0014_verifySpotlightLink" time="71.905" classname="com.tripmasters.framework.testScript.BookingPageTestScript"/>
  <testcase name="TC_0017_removeAddedCity_WithAdditonalChanges" time="373.623" classname="com.tripmasters.framework.testScript.BookingPageTestScript"/>
  <testcase name="TC_0018_bookingDetailswithPremiumEcomomy" time="125.044" classname="com.tripmasters.framework.testScript.BookingPageTestScript"/>
  <testcase name="TC_0021_tripSummarymultipleCities" time="170.292" classname="com.tripmasters.framework.testScript.BookingPageTestScript"/>
</testsuite> <!-- com.tripmasters.framework.testScript.BookingPageTestScript -->
