<?xml version="1.0" encoding="UTF-8"?>
<!-- Generated by org.testng.reporters.JUnitReportReporter -->
<testsuite hostname="LAPTOP-2MH85CIV" name="com.tripmasters.framework.testScript.BookingPageTest" tests="2" failures="0" timestamp="29 Jan 2020 06:56:29 GMT" time="225.905" errors="0">
  <testcase name="bookingSingleRoom1Adult1Child" time="108.565" classname="com.tripmasters.framework.testScript.BookingPageTest"/>
  <testcase name="bookingSingleRoomWith3Adults" time="117.340" classname="com.tripmasters.framework.testScript.BookingPageTest"/>
</testsuite> <!-- com.tripmasters.framework.testScript.BookingPageTest -->
