<?xml version="1.0" encoding="UTF-8"?>
<!-- Generated by org.testng.reporters.JUnitReportReporter -->
<<<<<<< HEAD
<testsuite hostname="LAPTOP-2MH85CIV" name="com.tripmasters.framework.testScript.BookingPageTestScript" tests="1" failures="0" timestamp="4 Feb 2020 05:58:21 GMT" time="15.403" errors="0">
  <testcase name="dateChanging_TC_9" time="15.403" classname="com.tripmasters.framework.testScript.BookingPageTestScript"/>
=======
<testsuite skipped="0" hostname="IQA_Satyam" name="com.tripmasters.framework.testScript.BookingPageTestScript" tests="1" failures="0" timestamp="2020-02-03T18:20:54 IST" time="97.168" errors="0">
  <testcase name="removeAddedCity_TC_17" time="97.168" classname="com.tripmasters.framework.testScript.BookingPageTestScript"/>
>>>>>>> 90b88cf114695b5050cbdff0832ce74da4d23dec
</testsuite> <!-- com.tripmasters.framework.testScript.BookingPageTestScript -->
