<?xml version="1.0" encoding="UTF-8"?>
<!-- Generated by org.testng.reporters.JUnitReportReporter -->
<testsuite skipped="0" hostname="IQA_Vaishali" name="com.tripmasters.framework.testScript.BookingPageTest" tests="1" failures="0" timestamp="30 Jan 2020 04:14:42 GMT" time="37.902" errors="0">
  <testcase name="withoutAirBookingForSingleCity" time="37.902" classname="com.tripmasters.framework.testScript.BookingPageTest"/>
</testsuite> <!-- com.tripmasters.framework.testScript.BookingPageTest -->
