<?xml version="1.0" encoding="UTF-8"?>
<!-- Generated by org.testng.reporters.JUnitReportReporter -->
<testsuite hostname="LAPTOP-2MH85CIV" name="com.tripmasters.framework.testScript.HomePageTestScript" tests="1" failures="0" timestamp="12 Feb 2020 09:53:36 GMT" time="34.541" errors="0">
  <testcase name="verifyOtherVacationPackages_TC_12" time="34.541" classname="com.tripmasters.framework.testScript.HomePageTestScript"/>
</testsuite> <!-- com.tripmasters.framework.testScript.HomePageTestScript -->
