<?xml version="1.0" encoding="UTF-8"?>
<!-- Generated by org.testng.reporters.JUnitReportReporter -->
<<<<<<< HEAD
<testsuite hostname="LAPTOP-2MH85CIV" name="com.tripmasters.framework.testScript.HomePageTestScript" tests="6" failures="0" timestamp="17 Feb 2020 13:40:48 GMT" time="189.808" errors="0">
  <testcase name="verifyFooterText_TC_16" time="23.572" classname="com.tripmasters.framework.testScript.HomePageTestScript"/>
  <testcase name="verifyMoreHighlightAndAttractionLinks_TC_11" time="24.855" classname="com.tripmasters.framework.testScript.HomePageTestScript"/>
  <testcase name="verifyStartAgainLink_TC_15" time="35.515" classname="com.tripmasters.framework.testScript.HomePageTestScript"/>
  <testcase name="verifyPopularVacationPackages_TC_13" time="27.290" classname="com.tripmasters.framework.testScript.HomePageTestScript"/>
  <testcase name="verifyOtherVacationPackages_TC_12" time="50.345" classname="com.tripmasters.framework.testScript.HomePageTestScript"/>
  <testcase name="verifyCity_TC_10" time="28.231" classname="com.tripmasters.framework.testScript.HomePageTestScript"/>
=======
<testsuite skipped="0" hostname="IQA_Mrinal" name="com.tripmasters.framework.testScript.HomePageTestScript" tests="1" failures="0" timestamp="14 Feb 2020 13:24:32 GMT" time="31.631" errors="0">
  <testcase name="verifyOtherVacationPackages_TC_12" time="31.631" classname="com.tripmasters.framework.testScript.HomePageTestScript"/>
>>>>>>> 47e4303e7c629d9e5f679e9c1e2f36e37a385aab
</testsuite> <!-- com.tripmasters.framework.testScript.HomePageTestScript -->
