<?xml version="1.0" encoding="UTF-8"?>
<!-- Generated by org.testng.reporters.JUnitReportReporter -->
<testsuite skipped="0" hostname="IQA_Deepak-K" name="com.tripmasters.framework.testScript.BookingPageTest" tests="1" failures="0" timestamp="27 Jan 2020 05:51:04 GMT" time="124.473" errors="0">
  <testcase name="bookingInitialise" time="124.473" classname="com.tripmasters.framework.testScript.BookingPageTest"/>
</testsuite> <!-- com.tripmasters.framework.testScript.BookingPageTest -->
