<?xml version="1.0" encoding="UTF-8"?>
<!-- Generated by org.testng.reporters.JUnitReportReporter -->
<testsuite skipped="0" hostname="IQA_Vaishali" name="com.tripmasters.framework.testScript.BookingPageTest" tests="1" failures="0" timestamp="31 Jan 2020 12:00:54 GMT" time="55.427" errors="0">
  <testcase name="dateChanging" time="55.427" classname="com.tripmasters.framework.testScript.BookingPageTest"/>
</testsuite> <!-- com.tripmasters.framework.testScript.BookingPageTest -->
