<?xml version="1.0" encoding="UTF-8"?>
<!-- Generated by org.testng.reporters.JUnitReportReporter -->
<testsuite hostname="IQA_Shivam" name="com.tripmasters.framework.testScript.BookingPageTestScript" tests="1" failures="0" timestamp="11 Feb 2020 08:55:05 GMT" time="125.877" errors="0">
  <testcase name="bookingSingleRoomWithThreeAdults_TC_1" time="125.877" classname="com.tripmasters.framework.testScript.BookingPageTestScript"/>
</testsuite> <!-- com.tripmasters.framework.testScript.BookingPageTestScript -->
