<?xml version="1.0" encoding="UTF-8"?>
<!-- Generated by org.testng.reporters.JUnitReportReporter -->
<testsuite skipped="0" hostname="IQAs-Mac-mini.local" name="com.tripmasters.framework.testScript.BookingPageTestScript" tests="13" failures="0" timestamp="07 May 2020 05:47:38 GMT" time="2638.200" errors="0">
  <testcase name="bookingSingleRoomWithThreeAdults_TC_1" time="225.128" classname="com.tripmasters.framework.testScript.BookingPageTestScript"/>
  <testcase name="bookingSingleRoomOneAdultOneChild_TC_2" time="233.287" classname="com.tripmasters.framework.testScript.BookingPageTestScript"/>
  <testcase name="bookingTwoRoomTwoAdult_TC_3" time="243.081" classname="com.tripmasters.framework.testScript.BookingPageTestScript"/>
  <testcase name="bookingTwoRoomThreeAdultOneChild_TC_4" time="367.939" classname="com.tripmasters.framework.testScript.BookingPageTestScript"/>
  <testcase name="bookingTwoRoomTwoAdultTwoChild_TC_5" time="259.913" classname="com.tripmasters.framework.testScript.BookingPageTestScript"/>
  <testcase name="bookingFlightsWithmultipleCities_TC_6" time="175.841" classname="com.tripmasters.framework.testScript.BookingPageTestScript"/>
  <testcase name="bookingFlightAndHotelForSingleCity_TC_7" time="168.659" classname="com.tripmasters.framework.testScript.BookingPageTestScript"/>
  <testcase name="bookingFlightAndHotelForMultipleCity_TC_8" time="198.856" classname="com.tripmasters.framework.testScript.BookingPageTestScript"/>
  <testcase name="multipleCities_TC_21" time="136.999" classname="com.tripmasters.framework.testScript.BookingPageTestScript"/>
  <testcase name="removeAddedCity_TC_17" time="241.933" classname="com.tripmasters.framework.testScript.BookingPageTestScript"/>
  <testcase name="bookingDetailswithPremiumEcomomy_TC_18" time="132.800" classname="com.tripmasters.framework.testScript.BookingPageTestScript"/>
  <testcase name="verifySpotlightLink_TC_14" time="61.685" classname="com.tripmasters.framework.testScript.BookingPageTestScript"/>
  <testcase name="dateChanging_TC_9" time="192.079" classname="com.tripmasters.framework.testScript.BookingPageTestScript"/>
</testsuite> <!-- com.tripmasters.framework.testScript.BookingPageTestScript -->
