<?xml version="1.0" encoding="UTF-8"?>
<!-- Generated by org.testng.reporters.JUnitReportReporter -->
<testsuite skipped="0" hostname="Satyam_iQA" name="com.tripmasters.framework.testScript.BookingPageTestScript" tests="15" failures="0" timestamp="02 Nov 2020 05:34:01 GMT" time="4212.096" errors="1">
  <testcase name="TC_0001_bookingSingleRoomWithThreeAdults" time="363.837" classname="com.tripmasters.framework.testScript.BookingPageTestScript"/>
  <testcase name="TC_0002_bookingSingleRoomtwoAdultOneChild" time="266.254" classname="com.tripmasters.framework.testScript.BookingPageTestScript"/>
  <testcase name="TC_0003_bookingTwoRoomThreeAdultAndOneChildWithMultipleCities" time="460.679" classname="com.tripmasters.framework.testScript.BookingPageTestScript"/>
  <testcase name="TC_0004_bookingFlightAndSingleRoomWithTwoAdults_FromFirstPackages" time="252.906" classname="com.tripmasters.framework.testScript.BookingPageTestScript"/>
  <testcase name="TC_0005_FlightbookingjourneywithPaxmandatoryfieldvalidation" time="683.073" classname="com.tripmasters.framework.testScript.BookingPageTestScript"/>
  <testcase name="TC_0006_bookingFlightsWithmultipleCities" time="355.689" classname="com.tripmasters.framework.testScript.BookingPageTestScript"/>
  <testcase name="TC_0007_bookingFlightAndTwoRoomsWithAdultsAndChilds_FromTopDealPackages" time="331.654" classname="com.tripmasters.framework.testScript.BookingPageTestScript"/>
  <testcase name="TC_0008_bookingFlightMultipleCitiesAndTwoRoomsWithAdultsAndChilds_FromEuropePage" time="387.051" classname="com.tripmasters.framework.testScript.BookingPageTestScript"/>
  <testcase name="TC_0009_arrival_dateChanging_FromTopOptions" time="197.062" classname="com.tripmasters.framework.testScript.BookingPageTestScript">
    <error type="java.lang.NullPointerException">
      <![CDATA[java.lang.NullPointerException
at com.tripmasters.framework.reports.Logs.error(Logs.java:60)
at com.tripmasters.framework.base.PageBase.selectOptionByText(PageBase.java:251)
at com.tripmasters.framework.pageActions.PassengerInfoPageAction.fillFirstTravellerDetails(PassengerInfoPageAction.java:34)
at com.tripmasters.framework.testScript.BookingPageTestScript.TC_0009_arrival_dateChanging_FromTopOptions(BookingPageTestScript.java:1404)
at sun.reflect.NativeMethodAccessorImpl.invoke0(Native Method)
at sun.reflect.NativeMethodAccessorImpl.invoke(NativeMethodAccessorImpl.java:62)
at sun.reflect.DelegatingMethodAccessorImpl.invoke(DelegatingMethodAccessorImpl.java:43)
at java.lang.reflect.Method.invoke(Method.java:498)
at org.testng.internal.MethodInvocationHelper.invokeMethod(MethodInvocationHelper.java:124)
at org.testng.internal.Invoker.invokeMethod(Invoker.java:583)
at org.testng.internal.Invoker.invokeTestMethod(Invoker.java:719)
at org.testng.internal.Invoker.invokeTestMethods(Invoker.java:989)
at org.testng.internal.TestMethodWorker.invokeTestMethods(TestMethodWorker.java:125)
at org.testng.internal.TestMethodWorker.run(TestMethodWorker.java:109)
at java.util.concurrent.ThreadPoolExecutor.runWorker(ThreadPoolExecutor.java:1149)
at java.util.concurrent.ThreadPoolExecutor$Worker.run(ThreadPoolExecutor.java:624)
at java.lang.Thread.run(Thread.java:748)
]]>
    </error>
  </testcase> <!-- TC_0009_arrival_dateChanging_FromTopOptions -->
  <testcase name="TC_0014_verifySpotlightLink" time="71.496" classname="com.tripmasters.framework.testScript.BookingPageTestScript"/>
  <testcase name="TC_0017_validateTripSummarywithMultipleCitiesforExploreAsiaPage" time="471.369" classname="com.tripmasters.framework.testScript.BookingPageTestScript"/>
  <testcase name="TC_0018_bookingDetailswithPremiumEcomomy" time="149.487" classname="com.tripmasters.framework.testScript.BookingPageTestScript"/>
  <testcase name="TC_0019_withoutAirBookingForSingleCity" time="20.623" classname="com.tripmasters.framework.testScript.BookingPageTestScript"/>
  <testcase name="TC_0020_withoutAirBookingForMultipleCity" time="18.503" classname="com.tripmasters.framework.testScript.BookingPageTestScript"/>
  <testcase name="TC_0021_tripSummarymultipleCities" time="182.413" classname="com.tripmasters.framework.testScript.BookingPageTestScript"/>
</testsuite> <!-- com.tripmasters.framework.testScript.BookingPageTestScript -->
