<?xml version="1.0" encoding="UTF-8"?>
<!-- Generated by org.testng.reporters.JUnitReportReporter -->
<testsuite skipped="0" hostname="Satyam_iQA" name="com.tripmasters.framework.testScript.HomePageTestScript" tests="6" failures="0" timestamp="2020-10-09T14:03:52 IST" time="371.633" errors="0">
  <testcase name="TC_0010_verifySearchCity" time="140.066" classname="com.tripmasters.framework.testScript.HomePageTestScript"/>
  <system-out/>
  <testcase name="TC_0011_verifyMoreHighlightAndAttractionLinks" time="20.857" classname="com.tripmasters.framework.testScript.HomePageTestScript"/>
  <system-out/>
  <testcase name="TC_0012_verifyOtherVacationPackages" time="39.648" classname="com.tripmasters.framework.testScript.HomePageTestScript"/>
  <system-out/>
  <testcase name="TC_0013_verifyPopularVacationPackages" time="21.508" classname="com.tripmasters.framework.testScript.HomePageTestScript"/>
  <system-out/>
  <testcase name="TC_0015_verifyStartAgainLink" time="133.831" classname="com.tripmasters.framework.testScript.HomePageTestScript"/>
  <system-out/>
  <testcase name="TC_0016_verifyFooterText" time="15.723" classname="com.tripmasters.framework.testScript.HomePageTestScript"/>
  <system-out/>
</testsuite> <!-- com.tripmasters.framework.testScript.HomePageTestScript -->
