<?xml version="1.0" encoding="UTF-8"?>
<!-- Generated by org.testng.reporters.JUnitReportReporter -->
<testsuite skipped="0" hostname="Satzz" name="com.tripmasters.framework.testScript.BookingPageTestScript" tests="15" failures="0" timestamp="10 Jul 2020 06:13:17 GMT" time="4716.458" errors="1">
  <testcase name="TC_0001_bookingSingleRoomWithThreeAdults" time="419.727" classname="com.tripmasters.framework.testScript.BookingPageTestScript"/>
  <testcase name="TC_0002_bookingSingleRoomtwoAdultOneChild" time="278.727" classname="com.tripmasters.framework.testScript.BookingPageTestScript"/>
  <testcase name="TC_0003_bookingTwoRoomThreeAdultAndOneChildWithMultipleCities" time="686.182" classname="com.tripmasters.framework.testScript.BookingPageTestScript">
    <error type="java.lang.NullPointerException">
      <![CDATA[java.lang.NullPointerException
at com.tripmasters.framework.reports.Logs.error(Logs.java:60)
at com.tripmasters.framework.base.PageBase.selectOptionByText(PageBase.java:251)
at com.tripmasters.framework.pageActions.PassengerInfoPageAction.fillTravellerDetailsForMultipleRooms(PassengerInfoPageAction.java:204)
at com.tripmasters.framework.testScript.BookingPageTestScript.TC_0003_bookingTwoRoomThreeAdultAndOneChildWithMultipleCities(BookingPageTestScript.java:389)
at sun.reflect.NativeMethodAccessorImpl.invoke0(Native Method)
at sun.reflect.NativeMethodAccessorImpl.invoke(Unknown Source)
at sun.reflect.DelegatingMethodAccessorImpl.invoke(Unknown Source)
at java.lang.reflect.Method.invoke(Unknown Source)
at org.testng.internal.MethodInvocationHelper.invokeMethod(MethodInvocationHelper.java:124)
at org.testng.internal.Invoker.invokeMethod(Invoker.java:583)
at org.testng.internal.Invoker.invokeTestMethod(Invoker.java:719)
at org.testng.internal.Invoker.invokeTestMethods(Invoker.java:989)
at org.testng.internal.TestMethodWorker.invokeTestMethods(TestMethodWorker.java:125)
at org.testng.internal.TestMethodWorker.run(TestMethodWorker.java:109)
at java.util.concurrent.ThreadPoolExecutor.runWorker(Unknown Source)
at java.util.concurrent.ThreadPoolExecutor$Worker.run(Unknown Source)
at java.lang.Thread.run(Unknown Source)
]]>
    </error>
  </testcase> <!-- TC_0003_bookingTwoRoomThreeAdultAndOneChildWithMultipleCities -->
  <testcase name="TC_0004_bookingFlightAndSingleRoomWithTwoAdults_FromFirstPackages" time="348.218" classname="com.tripmasters.framework.testScript.BookingPageTestScript"/>
  <testcase name="TC_0005_FlightbookingjourneywithPaxmandatoryfieldvalidation" time="413.353" classname="com.tripmasters.framework.testScript.BookingPageTestScript"/>
  <testcase name="TC_0006_bookingFlightsWithmultipleCities" time="296.729" classname="com.tripmasters.framework.testScript.BookingPageTestScript"/>
  <testcase name="TC_0007_bookingFlightAndTwoRoomsWithAdultsAndChilds_FromTopDealPackages" time="432.836" classname="com.tripmasters.framework.testScript.BookingPageTestScript"/>
  <testcase name="TC_0008_bookingFlightMultipleCitiesAndTwoRoomsWithAdultsAndChilds_FromEuropePage" time="401.819" classname="com.tripmasters.framework.testScript.BookingPageTestScript"/>
  <testcase name="TC_0009_arrival_dateChanging_FromTopOptions" time="447.308" classname="com.tripmasters.framework.testScript.BookingPageTestScript"/>
  <testcase name="TC_0014_verifySpotlightLink" time="73.050" classname="com.tripmasters.framework.testScript.BookingPageTestScript"/>
  <testcase name="TC_0017_validateTripSummarywithMultipleCitiesforExploreAsiaPage" time="391.381" classname="com.tripmasters.framework.testScript.BookingPageTestScript"/>
  <testcase name="TC_0018_bookingDetailswithPremiumEcomomy" time="192.448" classname="com.tripmasters.framework.testScript.BookingPageTestScript"/>
  <testcase name="TC_0019_withoutAirBookingForSingleCity" time="33.384" classname="com.tripmasters.framework.testScript.BookingPageTestScript"/>
  <testcase name="TC_0020_withoutAirBookingForMultipleCity" time="63.591" classname="com.tripmasters.framework.testScript.BookingPageTestScript"/>
  <testcase name="TC_0021_tripSummarymultipleCities" time="237.705" classname="com.tripmasters.framework.testScript.BookingPageTestScript"/>
</testsuite> <!-- com.tripmasters.framework.testScript.BookingPageTestScript -->
