<?xml version="1.0" encoding="UTF-8"?>
<!-- Generated by org.testng.reporters.JUnitReportReporter -->
<testsuite hostname="LAPTOP-AI18JN75" name="com.tripmasters.framework.testScript.BookingPageTestScript" tests="1" failures="0" timestamp="22 May 2020 12:37:13 GMT" time="581.237" errors="0">
  <testcase name="TC_0017_validateTripSummarywithMultipleCitiesforAsianPacificPage" time="581.237" classname="com.tripmasters.framework.testScript.BookingPageTestScript"/>
</testsuite> <!-- com.tripmasters.framework.testScript.BookingPageTestScript -->
