<?xml version="1.0" encoding="UTF-8"?>
<!-- Generated by org.testng.reporters.JUnitReportReporter -->
<testsuite skipped="0" hostname="IQAs-Mac-mini.local" name="com.tripmasters.framework.testScript.HomePageTestScript" tests="1" failures="0" timestamp="19 Feb 2020 06:45:07 GMT" time="37.399" errors="0">
  <testcase name="verifyCity_TC_10" time="37.399" classname="com.tripmasters.framework.testScript.HomePageTestScript"/>
</testsuite> <!-- com.tripmasters.framework.testScript.HomePageTestScript -->
