<?xml version="1.0" encoding="UTF-8"?>
<!-- Generated by org.testng.reporters.JUnitReportReporter -->
<testsuite skipped="0" hostname="Satzz" name="com.tripmasters.framework.testScript.HomePageTestScript" tests="6" failures="0" timestamp="10 Jul 2020 06:13:16 GMT" time="357.053" errors="0">
  <testcase name="TC_0010_verifyCity" time="53.899" classname="com.tripmasters.framework.testScript.HomePageTestScript"/>
  <testcase name="TC_0011_verifyMoreHighlightAndAttractionLinks" time="52.281" classname="com.tripmasters.framework.testScript.HomePageTestScript"/>
  <testcase name="TC_0012_verifyOtherVacationPackages" time="65.517" classname="com.tripmasters.framework.testScript.HomePageTestScript"/>
  <testcase name="TC_0013_verifyPopularVacationPackages" time="42.548" classname="com.tripmasters.framework.testScript.HomePageTestScript"/>
  <testcase name="TC_0015_verifyStartAgainLink" time="113.644" classname="com.tripmasters.framework.testScript.HomePageTestScript"/>
  <testcase name="TC_0016_verifyFooterText" time="29.164" classname="com.tripmasters.framework.testScript.HomePageTestScript"/>
</testsuite> <!-- com.tripmasters.framework.testScript.HomePageTestScript -->
