<?xml version="1.0" encoding="UTF-8"?>
<!-- Generated by org.testng.reporters.JUnitReportReporter -->
<testsuite skipped="0" hostname="IQA_Vaishali" name="com.tripmasters.framework.testScript.BookingPageTestScript" tests="1" failures="0" timestamp="05 Feb 2020 07:28:03 GMT" time="126.841" errors="0">
  <testcase name="dateChanging_TC_9" time="126.841" classname="com.tripmasters.framework.testScript.BookingPageTestScript"/>
</testsuite> <!-- com.tripmasters.framework.testScript.BookingPageTestScript -->
