<?xml version="1.0" encoding="UTF-8"?>
<!-- Generated by org.testng.reporters.JUnitReportReporter -->
<testsuite skipped="0" hostname="IQAs-Mac-mini.local" name="com.tripmasters.framework.testScript.HomePageTestScript" tests="6" failures="0" timestamp="05 Jun 2020 13:38:01 GMT" time="236.928" errors="0">
  <testcase name="TC_0010_verifyCity" time="37.454" classname="com.tripmasters.framework.testScript.HomePageTestScript"/>
  <testcase name="TC_0011_verifyMoreHighlightAndAttractionLinks" time="37.041" classname="com.tripmasters.framework.testScript.HomePageTestScript"/>
  <testcase name="TC_0012_verifyOtherVacationPackages" time="41.831" classname="com.tripmasters.framework.testScript.HomePageTestScript"/>
  <testcase name="TC_0013_verifyPopularVacationPackages" time="24.835" classname="com.tripmasters.framework.testScript.HomePageTestScript"/>
  <testcase name="TC_0015_verifyStartAgainLink" time="63.827" classname="com.tripmasters.framework.testScript.HomePageTestScript"/>
  <testcase name="TC_0016_verifyFooterText" time="31.940" classname="com.tripmasters.framework.testScript.HomePageTestScript"/>
</testsuite> <!-- com.tripmasters.framework.testScript.HomePageTestScript -->
