<?xml version="1.0" encoding="UTF-8"?>
<!-- Generated by org.testng.reporters.JUnitReportReporter -->
<<<<<<< HEAD
<<<<<<< HEAD
<testsuite hostname="LAPTOP-2MH85CIV" name="com.tripmasters.framework.testScript.BookingPageTestScript" tests="1" failures="0" timestamp="20 Feb 2020 07:37:40 GMT" time="152.482" errors="0">
  <testcase name="bookingTwoRoomTwoAdultTwoChild_TC_5" time="152.482" classname="com.tripmasters.framework.testScript.BookingPageTestScript"/>
=======
<testsuite skipped="0" hostname="iqas-mac-mini.lan" name="com.tripmasters.framework.testScript.BookingPageTestScript" tests="1" failures="0" timestamp="20 Feb 2020 11:14:24 GMT" time="121.966" errors="0">
  <testcase name="bookingFlightAndHotelForSingleCity_TC_7_iOS" time="121.966" classname="com.tripmasters.framework.testScript.BookingPageTestScript"/>
>>>>>>> 870550fc3d897700b95b171e476e89a07b8f3c2c
=======
<testsuite skipped="0" hostname="IQA_Satyam" name="com.tripmasters.framework.testScript.BookingPageTestScript" tests="1" failures="1" timestamp="2020-02-20T17:28:37 IST" time="146.897" errors="0">
  <testcase name="bookingDetailswithPremiumEcomomy_Mob_TC_18" time="146.897" classname="com.tripmasters.framework.testScript.BookingPageTestScript">
    <failure type="java.lang.AssertionError" message="expected [Premium Economy] but found []">
      <![CDATA[java.lang.AssertionError: expected [Premium Economy] but found []
at org.testng.Assert.fail(Assert.java:97)
at org.testng.Assert.assertEqualsImpl(Assert.java:136)
at org.testng.Assert.assertEquals(Assert.java:118)
at org.testng.Assert.assertEquals(Assert.java:575)
at org.testng.Assert.assertEquals(Assert.java:585)
at com.tripmasters.framework.testScript.BookingPageTestScript.bookingDetailswithPremiumEcomomy_Mob_TC_18(BookingPageTestScript.java:555)
at sun.reflect.NativeMethodAccessorImpl.invoke0(Native Method)
at sun.reflect.NativeMethodAccessorImpl.invoke(Unknown Source)
at sun.reflect.DelegatingMethodAccessorImpl.invoke(Unknown Source)
at java.lang.reflect.Method.invoke(Unknown Source)
at org.testng.internal.MethodInvocationHelper.invokeMethod(MethodInvocationHelper.java:133)
at org.testng.internal.TestInvoker.invokeMethod(TestInvoker.java:584)
at org.testng.internal.TestInvoker.invokeTestMethod(TestInvoker.java:172)
at org.testng.internal.MethodRunner.runInSequence(MethodRunner.java:46)
at org.testng.internal.TestInvoker$MethodInvocationAgent.invoke(TestInvoker.java:804)
at org.testng.internal.TestInvoker.invokeTestMethods(TestInvoker.java:145)
at org.testng.internal.TestMethodWorker.invokeTestMethods(TestMethodWorker.java:146)
at org.testng.internal.TestMethodWorker.run(TestMethodWorker.java:128)
at java.util.ArrayList.forEach(Unknown Source)
at org.testng.TestRunner.privateRun(TestRunner.java:770)
at org.testng.TestRunner.run(TestRunner.java:591)
at org.testng.SuiteRunner.runTest(SuiteRunner.java:402)
at org.testng.SuiteRunner.runSequentially(SuiteRunner.java:396)
at org.testng.SuiteRunner.privateRun(SuiteRunner.java:355)
at org.testng.SuiteRunner.run(SuiteRunner.java:304)
at org.testng.SuiteRunnerWorker.runSuite(SuiteRunnerWorker.java:53)
at org.testng.SuiteRunnerWorker.run(SuiteRunnerWorker.java:96)
at org.testng.TestNG.runSuitesSequentially(TestNG.java:1180)
at org.testng.TestNG.runSuitesLocally(TestNG.java:1102)
at org.testng.TestNG.runSuites(TestNG.java:1032)
at org.testng.TestNG.run(TestNG.java:1000)
at org.testng.remote.AbstractRemoteTestNG.run(AbstractRemoteTestNG.java:115)
at org.testng.remote.RemoteTestNG.initAndRun(RemoteTestNG.java:251)
at org.testng.remote.RemoteTestNG.main(RemoteTestNG.java:77)
]]>
    </failure>
  </testcase> <!-- bookingDetailswithPremiumEcomomy_Mob_TC_18 -->
>>>>>>> 7792a67070e4967b6c5fa9c124d85f5070e8c647
</testsuite> <!-- com.tripmasters.framework.testScript.BookingPageTestScript -->
