<?xml version="1.0" encoding="UTF-8"?>
<!-- Generated by org.testng.reporters.JUnitReportReporter -->
<testsuite skipped="0" hostname="IQAs-Mac-mini.local" name="com.tripmasters.framework.testScript.BookingPageTestScript" tests="13" failures="0" timestamp="18 May 2020 18:17:34 GMT" time="3160.534" errors="0">
  <testcase name="bookingSingleRoomWithThreeAdults_TC_1" time="246.122" classname="com.tripmasters.framework.testScript.BookingPageTestScript"/>
  <testcase name="bookingSingleRoomOneAdultOneChild_WithAdditionalChangesTC_2" time="272.211" classname="com.tripmasters.framework.testScript.BookingPageTestScript"/>
  <testcase name="bookingTwoRoomThreeAdultAndOneChildWithMultipleCities_AdditionalChanges_TC_3" time="424.653" classname="com.tripmasters.framework.testScript.BookingPageTestScript"/>
  <testcase name="flightBookingWithFirstPackage_TC_4_Additional_changes" time="274.435" classname="com.tripmasters.framework.testScript.BookingPageTestScript"/>
  <testcase name="bookingTwoRoomTwoAdultTwoChild_WithChanges_TC_5" time="348.795" classname="com.tripmasters.framework.testScript.BookingPageTestScript"/>
  <testcase name="bookingFlightsWithmultipleCities_TC_6" time="245.164" classname="com.tripmasters.framework.testScript.BookingPageTestScript"/>
  <testcase name="bookingFlightAndHotelForSingleCity_TC_7" time="242.510" classname="com.tripmasters.framework.testScript.BookingPageTestScript"/>
  <testcase name="europePageBookingForMultipleCities_TC_8" time="300.222" classname="com.tripmasters.framework.testScript.BookingPageTestScript"/>
  <testcase name="multipleCities_TC_21" time="137.515" classname="com.tripmasters.framework.testScript.BookingPageTestScript"/>
  <testcase name="removeAddedCity_WithAdditonalChanges_TC_17" time="277.417" classname="com.tripmasters.framework.testScript.BookingPageTestScript"/>
  <testcase name="bookingDetailswithPremiumEcomomy_TC_18" time="129.615" classname="com.tripmasters.framework.testScript.BookingPageTestScript"/>
  <testcase name="verifySpotlightLink_TC_14" time="65.686" classname="com.tripmasters.framework.testScript.BookingPageTestScript"/>
  <testcase name="dateChanging_TC_9" time="196.189" classname="com.tripmasters.framework.testScript.BookingPageTestScript"/>
</testsuite> <!-- com.tripmasters.framework.testScript.BookingPageTestScript -->
