<?xml version="1.0" encoding="UTF-8"?>
<!-- Generated by org.testng.reporters.JUnitReportReporter -->
<testsuite skipped="0" hostname="IQAs-Mac-mini.local" name="com.tripmasters.framework.testScript.HomePageTestScript" tests="6" failures="0" timestamp="06 Mar 2020 12:27:59 GMT" time="212.097" errors="0">
  <testcase name="verifyMoreHighlightAndAttractionLinks_Mob_TC_11" time="31.045" classname="com.tripmasters.framework.testScript.HomePageTestScript"/>
  <testcase name="verifyOtherVacationPackages_TC_12" time="41.366" classname="com.tripmasters.framework.testScript.HomePageTestScript"/>
  <testcase name="verifyPopularVacationPackages_TC_13" time="16.344" classname="com.tripmasters.framework.testScript.HomePageTestScript"/>
  <testcase name="verifyCity_TC_10" time="32.925" classname="com.tripmasters.framework.testScript.HomePageTestScript"/>
  <testcase name="verifyStartAgainLink_TC_15" time="71.139" classname="com.tripmasters.framework.testScript.HomePageTestScript"/>
  <testcase name="verifyFooterText_TC_16" time="19.278" classname="com.tripmasters.framework.testScript.HomePageTestScript"/>
</testsuite> <!-- com.tripmasters.framework.testScript.HomePageTestScript -->
