<?xml version="1.0" encoding="UTF-8"?>
<!-- Generated by org.testng.reporters.JUnitReportReporter -->
<testsuite hostname="LAPTOP-2MH85CIV" name="com.tripmasters.framework.testScript.HomePageTestScript" tests="2" failures="0" timestamp="11 Feb 2020 05:05:16 GMT" time="57.104" errors="0">
  <testcase name="verifyOtherVacationPackages_TC_12" time="33.015" classname="com.tripmasters.framework.testScript.HomePageTestScript"/>
  <testcase name="verifyMoreHighlightAndAttractionLinks_TC_11" time="24.089" classname="com.tripmasters.framework.testScript.HomePageTestScript"/>
</testsuite> <!-- com.tripmasters.framework.testScript.HomePageTestScript -->
