<?xml version="1.0" encoding="UTF-8"?>
<!-- Generated by org.testng.reporters.JUnitReportReporter -->
<testsuite skipped="0" hostname="IQAs-Mac-mini.local" name="com.tripmasters.framework.testScript.HomePageTestScript" tests="6" failures="0" timestamp="08 May 2020 05:44:33 GMT" time="520.021" errors="0">
  <testcase name="verifyMoreHighlightAndAttractionLinks_Mob_TC_11" time="40.700" classname="com.tripmasters.framework.testScript.HomePageTestScript"/>
  <testcase name="verifyOtherVacationPackages_TC_12" time="38.852" classname="com.tripmasters.framework.testScript.HomePageTestScript"/>
  <testcase name="verifyPopularVacationPackages_TC_13" time="18.484" classname="com.tripmasters.framework.testScript.HomePageTestScript"/>
  <testcase name="verifyCity_TC_10" time="30.643" classname="com.tripmasters.framework.testScript.HomePageTestScript"/>
  <testcase name="verifyStartAgainLink_TC_15" time="364.196" classname="com.tripmasters.framework.testScript.HomePageTestScript"/>
  <testcase name="verifyFooterText_TC_16" time="27.146" classname="com.tripmasters.framework.testScript.HomePageTestScript"/>
</testsuite> <!-- com.tripmasters.framework.testScript.HomePageTestScript -->
