<?xml version="1.0" encoding="UTF-8"?>
<!-- Generated by org.testng.reporters.JUnitReportReporter -->
<testsuite hostname="IQA_Shivam" name="com.tripmasters.framework.testScript.BookingPageTest" tests="1" failures="0" timestamp="22 Jan 2020 11:21:33 GMT" time="28.941" errors="0">
  <testcase name="getTitle" time="28.941" classname="com.tripmasters.framework.testScript.BookingPageTest"/>
</testsuite> <!-- com.tripmasters.framework.testScript.BookingPageTest -->
